<?xml version="1.0" encoding="UTF-8"?>
<!-- Generated by org.testng.reporters.JUnitXMLReporter -->
<testsuite ignored="0" hostname="DESKTOP-M89TSLU" failures="2" tests="4" name="Surefire test" time="20.677" errors="0" timestamp="2024-02-29T12:16:22 GMT">
  <testcase classname="io.cucumber.testng.AbstractTestNGCucumberTests" name="runScenario" time="9.967"/>
  <testcase classname="io.cucumber.testng.AbstractTestNGCucumberTests" name="runScenario" time="10.165">
    <failure type="java.lang.AssertionError" message="expected [Beetroot] but found [No data]">
      <![CDATA[java.lang.AssertionError: expected [Beetroot] but found [No data]
at stepDefinition.OfferPageStepDefn.user_searched_with_same_shortname_and_product_should_exists(OfferPageStepDefn.java:33)
at ✽.User searched with same shortname Beet and product should exists(file:///C:/Users/Venu/Desktop/Venu/SeleniumAutomation/Org.Verizon.com/src/test/java/features/login.feature:7)
... Removed 6 stack frames]]>
    </failure>
  </testcase> <!-- runScenario -->
  <testcase classname="io.cucumber.testng.AbstractTestNGCucumberTests" name="runScenario" time="11.04"/>
  <testcase classname="io.cucumber.testng.AbstractTestNGCucumberTests" name="runScenario" time="8.686">
    <failure type="java.lang.AssertionError" message="expected [Beetroot] but found [No data]">
      <![CDATA[java.lang.AssertionError: expected [Beetroot] but found [No data]
at stepDefinition.OfferPageStepDefn.user_searched_with_same_shortname_and_product_should_exists(OfferPageStepDefn.java:33)
at ✽.User searched with same shortname Beet and product should exists(file:///C:/Users/Venu/Desktop/Venu/SeleniumAutomation/Org.Verizon.com/src/test/java/features/login.feature:7)
... Removed 6 stack frames]]>
    </failure>
  </testcase> <!-- runScenario -->
</testsuite> <!-- Surefire test -->
