<?xml version="1.0" encoding="UTF-8"?>
<testsuite xmlns:xsi="http://www.w3.org/2001/XMLSchema-instance" xsi:noNamespaceSchemaLocation="https://maven.apache.org/surefire/maven-surefire-plugin/xsd/surefire-test-report.xsd" name="TestSuite" time="21.379" tests="4" errors="0" skipped="0" failures="2">
  <properties>
[...]
</properties>
  <testcase name="runScenario" classname="CucumberOptions.TestRunner" time="9.97"/>
  <testcase name="runScenario" classname="CucumberOptions.TestRunner" time="10.169">
    <failure message="expected [Beetroot] but found [No data]" type="java.lang.AssertionError">java.lang.AssertionError: expected [Beetroot] but found [No data]
</failure>
  </testcase>
  <testcase name="runScenario" classname="CucumberOptions.TestRunner" time="11.039"/>
  <testcase name="runScenario" classname="CucumberOptions.TestRunnerforFailedScenarios" time="8.686">
    <failure message="expected [Beetroot] but found [No data]" type="java.lang.AssertionError">java.lang.AssertionError: expected [Beetroot] but found [No data]
</failure>
    <system-out><![CDATA[null is extracted from Home page
]]></system-out>
  </testcase>
</testsuite>